<?xml version="1.0" encoding="UTF-8"?>
<testng-results skipped="0" failed="0" ignored="0" total="2" passed="2">
  <reporter-output>
  </reporter-output>
  <suite name="Surefire suite" duration-ms="47" started-at="2019-02-01T21:12:35Z" finished-at="2019-02-01T21:12:35Z">
    <groups>
    </groups>
    <test name="Surefire test" duration-ms="47" started-at="2019-02-01T21:12:35Z" finished-at="2019-02-01T21:12:35Z">
      <class name="AutomationAdvance.AppiumTest">
        <test-method status="PASS" signature="IosApp()[pri:0, instance:AutomationAdvance.AppiumTest@12843fce]" name="IosApp" duration-ms="13" started-at="2019-02-01T21:12:35Z" finished-at="2019-02-01T21:12:35Z">
          <reporter-output>
          </reporter-output>
        </test-method> <!-- IosApp -->
        <test-method status="PASS" signature="NativeAppAndroid()[pri:0, instance:AutomationAdvance.AppiumTest@12843fce]" name="NativeAppAndroid" duration-ms="0" started-at="2019-02-01T21:12:35Z" finished-at="2019-02-01T21:12:35Z">
          <reporter-output>
          </reporter-output>
        </test-method> <!-- NativeAppAndroid -->
      </class> <!-- AutomationAdvance.AppiumTest -->
    </test> <!-- Surefire test -->
  </suite> <!-- Surefire suite -->
</testng-results>
