<?xml version="1.0" encoding="UTF-8"?>
<testng-results skipped="0" failed="0" ignored="0" total="2" passed="2">
  <reporter-output>
  </reporter-output>
  <suite name="Default suite" duration-ms="73" started-at="2019-02-01T00:56:28Z" finished-at="2019-02-01T00:56:28Z">
    <groups>
    </groups>
    <test name="Default test" duration-ms="73" started-at="2019-02-01T00:56:28Z" finished-at="2019-02-01T00:56:28Z">
      <class name="AutomationAdvance.AppiumTest">
        <test-method status="PASS" signature="IosApp()[pri:0, instance:AutomationAdvance.AppiumTest@598067a5]" name="IosApp" duration-ms="17" started-at="2019-02-01T00:56:28Z" finished-at="2019-02-01T00:56:28Z">
          <reporter-output>
          </reporter-output>
        </test-method> <!-- IosApp -->
        <test-method status="PASS" signature="NativeAppAndroid()[pri:0, instance:AutomationAdvance.AppiumTest@598067a5]" name="NativeAppAndroid" duration-ms="1" started-at="2019-02-01T00:56:28Z" finished-at="2019-02-01T00:56:28Z">
          <reporter-output>
          </reporter-output>
        </test-method> <!-- NativeAppAndroid -->
      </class> <!-- AutomationAdvance.AppiumTest -->
    </test> <!-- Default test -->
  </suite> <!-- Default suite -->
</testng-results>
